Using pre-set license
Built from '2020.3/staging' branch; Version is '2020.3.11f1 (99c7afb366b3) revision 10078127'; Using compiler version '192528614'; Build Type 'Release'
OS: 'Windows 10 Home; OS build 19041.1052; Version 2004; 64bit' Language: 'en' Physical Memory: 32700 MB
BatchMode: 1, IsHumanControllingUs: 0, StartBugReporterOnCrash: 0, Is64bit: 1, IsPro: 0

 COMMAND LINE ARGUMENTS:
C:\Program Files\Unity\Hub\Editor\2020.3.11f1\Editor\Unity.exe
-adb2
-batchMode
-noUpm
-name
AssetImportWorker1
-projectPath
C:/Users/tyly0/Desktop/My Work/GMTKGameJam2021/GMTK Game Jam 2021
-logFile
Logs/AssetImportWorker1.log
-srvPort
49675
Successfully changed project path to: C:/Users/tyly0/Desktop/My Work/GMTKGameJam2021/GMTK Game Jam 2021
C:/Users/tyly0/Desktop/My Work/GMTKGameJam2021/GMTK Game Jam 2021
Using Asset Import Pipeline V2.
Refreshing native plugins compatible for Editor in 49.09 ms, found 3 plugins.
Preloading 0 native plugins for Editor in 0.00 ms.
Initialize engine version: 2020.3.11f1 (99c7afb366b3)
[Subsystems] Discovering subsystems at path C:/Program Files/Unity/Hub/Editor/2020.3.11f1/Editor/Data/Resources/UnitySubsystems
[Subsystems] Discovering subsystems at path C:/Users/tyly0/Desktop/My Work/GMTKGameJam2021/GMTK Game Jam 2021/Assets
GfxDevice: creating device client; threaded=0
Direct3D:
    Version:  Direct3D 11.0 [level 11.1]
    Renderer: NVIDIA GeForce RTX 2070 SUPER (ID=0x1e84)
    Vendor:   
    VRAM:     8011 MB
    Driver:   27.21.14.5751
Initialize mono
Mono path[0] = 'C:/Program Files/Unity/Hub/Editor/2020.3.11f1/Editor/Data/Managed'
Mono path[1] = 'C:/Program Files/Unity/Hub/Editor/2020.3.11f1/Editor/Data/MonoBleedingEdge/lib/mono/unityjit'
Mono config path = 'C:/Program Files/Unity/Hub/Editor/2020.3.11f1/Editor/Data/MonoBleedingEdge/etc'
Using monoOptions --debugger-agent=transport=dt_socket,embedding=1,server=y,suspend=n,address=127.0.0.1:56468
Begin MonoManager ReloadAssembly
Registering precompiled unity dll's ...
Register platform support module: C:/Program Files/Unity/Hub/Editor/2020.3.11f1/Editor/Data/PlaybackEngines/WebGLSupport/UnityEditor.WebGL.Extensions.dll
Register platform support module: C:/Program Files/Unity/Hub/Editor/2020.3.11f1/Editor/Data/PlaybackEngines/MacStandaloneSupport/UnityEditor.OSXStandalone.Extensions.dll
Register platform support module: C:/Program Files/Unity/Hub/Editor/2020.3.11f1/Editor/Data/PlaybackEngines/WindowsStandaloneSupport/UnityEditor.WindowsStandalone.Extensions.dll
Register platform support module: C:/Program Files/Unity/Hub/Editor/2020.3.11f1/Editor/Data/PlaybackEngines/LinuxStandaloneSupport/UnityEditor.LinuxStandalone.Extensions.dll
Registered in 0.003848 seconds.
Native extension for LinuxStandalone target not found
Native extension for WindowsStandalone target not found
Native extension for OSXStandalone target not found
Native extension for WebGL target not found
Refreshing native plugins compatible for Editor in 72.17 ms, found 3 plugins.
Preloading 0 native plugins for Editor in 0.00 ms.
Mono: successfully reloaded assembly
- Completed reload, in  2.317 seconds
Platform modules already initialized, skipping
Registering precompiled user dll's ...
Registered in 0.005268 seconds.
Begin MonoManager ReloadAssembly
Native extension for LinuxStandalone target not found
Native extension for WindowsStandalone target not found
Native extension for OSXStandalone target not found
Native extension for WebGL target not found
Refreshing native plugins compatible for Editor in 44.46 ms, found 3 plugins.
Preloading 0 native plugins for Editor in 0.00 ms.
Mono: successfully reloaded assembly
- Completed reload, in  1.321 seconds
Platform modules already initialized, skipping
========================================================================
Worker process is ready to serve import requests
Launched and connected shader compiler UnityShaderCompiler.exe after 0.06 seconds
Refreshing native plugins compatible for Editor in 0.53 ms, found 3 plugins.
Preloading 0 native plugins for Editor in 0.00 ms.
Unloading 2223 Unused Serialized files (Serialized files now loaded: 0)
System memory in use before: 102.4 MB.
System memory in use after: 102.3 MB.

Unloading 33 unused Assets to reduce memory usage. Loaded Objects now: 2660.
Total: 2.367000 ms (FindLiveObjects: 0.193100 ms CreateObjectMapping: 0.088600 ms MarkObjects: 1.905900 ms  DeleteObjects: 0.178200 ms)

========================================================================
Received Import Request.
  path: Assets/Prefabs/LevelTemplate.prefab
  artifactKey: Guid(89b7791f1c2117347b45c32942194ac6) Importer(815301076,1909f56bfc062723c751e8b465ee728b)
Start importing Assets/Prefabs/LevelTemplate.prefab using Guid(89b7791f1c2117347b45c32942194ac6) Importer(815301076,1909f56bfc062723c751e8b465ee728b)  -> (artifact id: 'd4d4fff31a1cc3576974ed2621ead4dc') in 0.196973 seconds
  Import took 0.202452 seconds .

========================================================================
Received Prepare
Registering precompiled user dll's ...
Registered in 0.004979 seconds.
Begin MonoManager ReloadAssembly
Native extension for LinuxStandalone target not found
Native extension for WindowsStandalone target not found
Native extension for OSXStandalone target not found
Native extension for WebGL target not found
Refreshing native plugins compatible for Editor in 0.44 ms, found 3 plugins.
Preloading 0 native plugins for Editor in 0.00 ms.
Mono: successfully reloaded assembly
- Completed reload, in  1.379 seconds
Platform modules already initialized, skipping
Refreshing native plugins compatible for Editor in 0.43 ms, found 3 plugins.
Preloading 0 native plugins for Editor in 0.00 ms.
Unloading 2191 Unused Serialized files (Serialized files now loaded: 0)
System memory in use before: 102.9 MB.
System memory in use after: 102.9 MB.

Unloading 25 unused Assets to reduce memory usage. Loaded Objects now: 2673.
Total: 2.241800 ms (FindLiveObjects: 0.211600 ms CreateObjectMapping: 0.108200 ms MarkObjects: 1.812500 ms  DeleteObjects: 0.108400 ms)

========================================================================
Received Import Request.
  Time since last request: 9.624584 seconds.
  path: Assets/Prefabs/LevelTemplate.prefab
  artifactKey: Guid(89b7791f1c2117347b45c32942194ac6) Importer(815301076,1909f56bfc062723c751e8b465ee728b)
Start importing Assets/Prefabs/LevelTemplate.prefab using Guid(89b7791f1c2117347b45c32942194ac6) Importer(815301076,1909f56bfc062723c751e8b465ee728b)  -> (artifact id: 'fef10e663a25393e573ba891b51ef385') in 0.196573 seconds
  Import took 0.201761 seconds .

========================================================================
Received Prepare
Registering precompiled user dll's ...
Registered in 0.005513 seconds.
Begin MonoManager ReloadAssembly
Native extension for LinuxStandalone target not found
Native extension for WindowsStandalone target not found
Native extension for OSXStandalone target not found
Native extension for WebGL target not found
Refreshing native plugins compatible for Editor in 0.69 ms, found 3 plugins.
Preloading 0 native plugins for Editor in 0.00 ms.
Mono: successfully reloaded assembly
- Completed reload, in  1.409 seconds
Platform modules already initialized, skipping
Refreshing native plugins compatible for Editor in 0.62 ms, found 3 plugins.
Preloading 0 native plugins for Editor in 0.00 ms.
Unloading 2191 Unused Serialized files (Serialized files now loaded: 0)
System memory in use before: 103.0 MB.
System memory in use after: 102.9 MB.

Unloading 25 unused Assets to reduce memory usage. Loaded Objects now: 2678.
Total: 5.983000 ms (FindLiveObjects: 1.086000 ms CreateObjectMapping: 0.189500 ms MarkObjects: 4.521400 ms  DeleteObjects: 0.184700 ms)

========================================================================
Received Import Request.
  Time since last request: 97.403180 seconds.
  path: Assets/Prefabs/LevelTemplate.prefab
  artifactKey: Guid(89b7791f1c2117347b45c32942194ac6) Importer(815301076,1909f56bfc062723c751e8b465ee728b)
Start importing Assets/Prefabs/LevelTemplate.prefab using Guid(89b7791f1c2117347b45c32942194ac6) Importer(815301076,1909f56bfc062723c751e8b465ee728b)  -> (artifact id: '66a0d6915e7ed26e41b808e155c3f1e0') in 0.190661 seconds
  Import took 0.200341 seconds .

========================================================================
Received Import Request.
  Time since last request: 5.423921 seconds.
  path: Assets/Prefabs/LevelTemplate.prefab
  artifactKey: Guid(89b7791f1c2117347b45c32942194ac6) Importer(815301076,1909f56bfc062723c751e8b465ee728b)
Start importing Assets/Prefabs/LevelTemplate.prefab using Guid(89b7791f1c2117347b45c32942194ac6) Importer(815301076,1909f56bfc062723c751e8b465ee728b)  -> (artifact id: '4152cbb0a248042b8477dbc7bd173a15') in 0.084010 seconds
  Import took 0.091010 seconds .

========================================================================
Received Import Request.
  Time since last request: 11.318392 seconds.
  path: Assets/Prefabs/LevelTemplate.prefab
  artifactKey: Guid(89b7791f1c2117347b45c32942194ac6) Importer(815301076,1909f56bfc062723c751e8b465ee728b)
Start importing Assets/Prefabs/LevelTemplate.prefab using Guid(89b7791f1c2117347b45c32942194ac6) Importer(815301076,1909f56bfc062723c751e8b465ee728b)  -> (artifact id: 'b29c3dd3e26655ea5709b2ca78a00dd5') in 0.056110 seconds
  Import took 0.061193 seconds .

========================================================================
Received Import Request.
  Time since last request: 5.641519 seconds.
  path: Assets/Scenes/Menus/Options.unity
  artifactKey: Guid(7c57e9883ce37ba4da4e1c4bbce49e70) Importer(815301076,1909f56bfc062723c751e8b465ee728b)
Start importing Assets/Scenes/Menus/Options.unity using Guid(7c57e9883ce37ba4da4e1c4bbce49e70) Importer(815301076,1909f56bfc062723c751e8b465ee728b)  -> (artifact id: '290a16493adbdedf997abf61cc4483c0') in 0.005492 seconds
  Import took 0.008618 seconds .

========================================================================
Received Prepare
Registering precompiled user dll's ...
Registered in 0.007636 seconds.
Begin MonoManager ReloadAssembly
Native extension for LinuxStandalone target not found
Native extension for WindowsStandalone target not found
Native extension for OSXStandalone target not found
Native extension for WebGL target not found
Refreshing native plugins compatible for Editor in 0.43 ms, found 3 plugins.
Preloading 0 native plugins for Editor in 0.00 ms.
Mono: successfully reloaded assembly
- Completed reload, in  1.043 seconds
Platform modules already initialized, skipping
Refreshing native plugins compatible for Editor in 0.48 ms, found 3 plugins.
Preloading 0 native plugins for Editor in 0.00 ms.
Unloading 2191 Unused Serialized files (Serialized files now loaded: 0)
System memory in use before: 103.1 MB.
System memory in use after: 103.1 MB.

Unloading 25 unused Assets to reduce memory usage. Loaded Objects now: 2683.
Total: 2.317900 ms (FindLiveObjects: 0.204500 ms CreateObjectMapping: 0.104500 ms MarkObjects: 1.864700 ms  DeleteObjects: 0.143200 ms)

========================================================================
Received Prepare
Registering precompiled user dll's ...
Registered in 0.006301 seconds.
Begin MonoManager ReloadAssembly
Native extension for LinuxStandalone target not found
Native extension for WindowsStandalone target not found
Native extension for OSXStandalone target not found
Native extension for WebGL target not found
Refreshing native plugins compatible for Editor in 0.44 ms, found 3 plugins.
Preloading 0 native plugins for Editor in 0.00 ms.
Mono: successfully reloaded assembly
- Completed reload, in  1.092 seconds
Platform modules already initialized, skipping
Refreshing native plugins compatible for Editor in 0.43 ms, found 3 plugins.
Preloading 0 native plugins for Editor in 0.00 ms.
Unloading 2191 Unused Serialized files (Serialized files now loaded: 0)
System memory in use before: 103.1 MB.
System memory in use after: 103.1 MB.

Unloading 21 unused Assets to reduce memory usage. Loaded Objects now: 2687.
Total: 2.112200 ms (FindLiveObjects: 0.203700 ms CreateObjectMapping: 0.124600 ms MarkObjects: 1.681800 ms  DeleteObjects: 0.101200 ms)

========================================================================
Received Prepare
Registering precompiled user dll's ...
Registered in 0.009763 seconds.
Begin MonoManager ReloadAssembly
Native extension for LinuxStandalone target not found
Native extension for WindowsStandalone target not found
Native extension for OSXStandalone target not found
Native extension for WebGL target not found
Refreshing native plugins compatible for Editor in 1.27 ms, found 3 plugins.
Preloading 0 native plugins for Editor in 0.00 ms.
Mono: successfully reloaded assembly
- Completed reload, in  1.201 seconds
Platform modules already initialized, skipping
Refreshing native plugins compatible for Editor in 0.65 ms, found 3 plugins.
Preloading 0 native plugins for Editor in 0.00 ms.
Unloading 2191 Unused Serialized files (Serialized files now loaded: 0)
System memory in use before: 103.1 MB.
System memory in use after: 103.1 MB.

Unloading 21 unused Assets to reduce memory usage. Loaded Objects now: 2691.
Total: 2.183200 ms (FindLiveObjects: 0.209300 ms CreateObjectMapping: 0.081300 ms MarkObjects: 1.775700 ms  DeleteObjects: 0.115800 ms)

========================================================================
Received Prepare
Registering precompiled user dll's ...
Registered in 0.004451 seconds.
Begin MonoManager ReloadAssembly
Native extension for LinuxStandalone target not found
Native extension for WindowsStandalone target not found
Native extension for OSXStandalone target not found
Native extension for WebGL target not found
Refreshing native plugins compatible for Editor in 0.54 ms, found 3 plugins.
Preloading 0 native plugins for Editor in 0.00 ms.
Mono: successfully reloaded assembly
- Completed reload, in  1.116 seconds
Platform modules already initialized, skipping
Refreshing native plugins compatible for Editor in 0.56 ms, found 3 plugins.
Preloading 0 native plugins for Editor in 0.00 ms.
Unloading 2191 Unused Serialized files (Serialized files now loaded: 0)
System memory in use before: 103.1 MB.
System memory in use after: 103.1 MB.

Unloading 21 unused Assets to reduce memory usage. Loaded Objects now: 2695.
Total: 2.021500 ms (FindLiveObjects: 0.185000 ms CreateObjectMapping: 0.073100 ms MarkObjects: 1.664000 ms  DeleteObjects: 0.098400 ms)

========================================================================
Received Prepare
Registering precompiled user dll's ...
Registered in 0.007959 seconds.
Begin MonoManager ReloadAssembly
Native extension for LinuxStandalone target not found
Native extension for WindowsStandalone target not found
Native extension for OSXStandalone target not found
Native extension for WebGL target not found
Refreshing native plugins compatible for Editor in 1.14 ms, found 3 plugins.
Preloading 0 native plugins for Editor in 0.00 ms.
Mono: successfully reloaded assembly
- Completed reload, in  1.260 seconds
Platform modules already initialized, skipping
Refreshing native plugins compatible for Editor in 0.70 ms, found 3 plugins.
Preloading 0 native plugins for Editor in 0.00 ms.
Unloading 2191 Unused Serialized files (Serialized files now loaded: 0)
System memory in use before: 103.1 MB.
System memory in use after: 103.0 MB.

Unloading 21 unused Assets to reduce memory usage. Loaded Objects now: 2699.
Total: 2.328400 ms (FindLiveObjects: 0.225300 ms CreateObjectMapping: 0.095800 ms MarkObjects: 1.887500 ms  DeleteObjects: 0.118000 ms)

========================================================================
Received Prepare
Registering precompiled user dll's ...
Registered in 0.013164 seconds.
Begin MonoManager ReloadAssembly
Native extension for LinuxStandalone target not found
Native extension for WindowsStandalone target not found
Native extension for OSXStandalone target not found
Native extension for WebGL target not found
Refreshing native plugins compatible for Editor in 0.43 ms, found 3 plugins.
Preloading 0 native plugins for Editor in 0.00 ms.
Mono: successfully reloaded assembly
- Completed reload, in  1.211 seconds
Platform modules already initialized, skipping
Refreshing native plugins compatible for Editor in 0.46 ms, found 3 plugins.
Preloading 0 native plugins for Editor in 0.00 ms.
Unloading 2191 Unused Serialized files (Serialized files now loaded: 0)
System memory in use before: 103.1 MB.
System memory in use after: 103.1 MB.

Unloading 21 unused Assets to reduce memory usage. Loaded Objects now: 2703.
Total: 2.166100 ms (FindLiveObjects: 0.210500 ms CreateObjectMapping: 0.087100 ms MarkObjects: 1.754700 ms  DeleteObjects: 0.112800 ms)

========================================================================
Received Prepare
Registering precompiled user dll's ...
Registered in 0.004611 seconds.
Begin MonoManager ReloadAssembly
Native extension for LinuxStandalone target not found
Native extension for WindowsStandalone target not found
Native extension for OSXStandalone target not found
Native extension for WebGL target not found
Refreshing native plugins compatible for Editor in 1.83 ms, found 3 plugins.
Preloading 0 native plugins for Editor in 0.00 ms.
Mono: successfully reloaded assembly
- Completed reload, in  1.183 seconds
Platform modules already initialized, skipping
Refreshing native plugins compatible for Editor in 0.51 ms, found 3 plugins.
Preloading 0 native plugins for Editor in 0.00 ms.
Unloading 2191 Unused Serialized files (Serialized files now loaded: 0)
System memory in use before: 103.2 MB.
System memory in use after: 103.2 MB.

Unloading 21 unused Assets to reduce memory usage. Loaded Objects now: 2707.
Total: 2.622500 ms (FindLiveObjects: 0.214700 ms CreateObjectMapping: 0.086000 ms MarkObjects: 2.210300 ms  DeleteObjects: 0.110400 ms)

========================================================================
Received Prepare
Registering precompiled user dll's ...
Registered in 0.009953 seconds.
Begin MonoManager ReloadAssembly
Native extension for LinuxStandalone target not found
Native extension for WindowsStandalone target not found
Native extension for OSXStandalone target not found
Native extension for WebGL target not found
Refreshing native plugins compatible for Editor in 0.46 ms, found 3 plugins.
Preloading 0 native plugins for Editor in 0.00 ms.
Mono: successfully reloaded assembly
- Completed reload, in  1.110 seconds
Platform modules already initialized, skipping
Refreshing native plugins compatible for Editor in 0.45 ms, found 3 plugins.
Preloading 0 native plugins for Editor in 0.00 ms.
Unloading 2191 Unused Serialized files (Serialized files now loaded: 0)
System memory in use before: 103.2 MB.
System memory in use after: 103.2 MB.

Unloading 21 unused Assets to reduce memory usage. Loaded Objects now: 2711.
Total: 2.093400 ms (FindLiveObjects: 0.220200 ms CreateObjectMapping: 0.083300 ms MarkObjects: 1.682600 ms  DeleteObjects: 0.106200 ms)

========================================================================
Received Prepare
Registering precompiled user dll's ...
Registered in 0.007648 seconds.
Begin MonoManager ReloadAssembly
Native extension for LinuxStandalone target not found
Native extension for WindowsStandalone target not found
Native extension for OSXStandalone target not found
Native extension for WebGL target not found
Refreshing native plugins compatible for Editor in 0.43 ms, found 3 plugins.
Preloading 0 native plugins for Editor in 0.00 ms.
Mono: successfully reloaded assembly
- Completed reload, in  1.061 seconds
Platform modules already initialized, skipping
Refreshing native plugins compatible for Editor in 0.43 ms, found 3 plugins.
Preloading 0 native plugins for Editor in 0.00 ms.
Unloading 2191 Unused Serialized files (Serialized files now loaded: 0)
System memory in use before: 103.2 MB.
System memory in use after: 103.3 MB.

Unloading 21 unused Assets to reduce memory usage. Loaded Objects now: 2715.
Total: 2.159200 ms (FindLiveObjects: 0.223600 ms CreateObjectMapping: 0.090000 ms MarkObjects: 1.741800 ms  DeleteObjects: 0.102800 ms)

========================================================================
Received Prepare
Registering precompiled user dll's ...
Registered in 0.004899 seconds.
Begin MonoManager ReloadAssembly
Native extension for LinuxStandalone target not found
Native extension for WindowsStandalone target not found
Native extension for OSXStandalone target not found
Native extension for WebGL target not found
Refreshing native plugins compatible for Editor in 0.46 ms, found 3 plugins.
Preloading 0 native plugins for Editor in 0.00 ms.
Mono: successfully reloaded assembly
- Completed reload, in  1.153 seconds
Platform modules already initialized, skipping
Refreshing native plugins compatible for Editor in 0.76 ms, found 3 plugins.
Preloading 0 native plugins for Editor in 0.00 ms.
Unloading 2191 Unused Serialized files (Serialized files now loaded: 0)
System memory in use before: 103.2 MB.
System memory in use after: 103.3 MB.

Unloading 21 unused Assets to reduce memory usage. Loaded Objects now: 2719.
Total: 4.501100 ms (FindLiveObjects: 0.281900 ms CreateObjectMapping: 0.126700 ms MarkObjects: 3.969500 ms  DeleteObjects: 0.121400 ms)

========================================================================
Received Prepare
Registering precompiled user dll's ...
Registered in 0.006742 seconds.
Begin MonoManager ReloadAssembly
Native extension for LinuxStandalone target not found
Native extension for WindowsStandalone target not found
Native extension for OSXStandalone target not found
Native extension for WebGL target not found
Refreshing native plugins compatible for Editor in 0.81 ms, found 3 plugins.
Preloading 0 native plugins for Editor in 0.00 ms.
Mono: successfully reloaded assembly
- Completed reload, in  1.056 seconds
Platform modules already initialized, skipping
Refreshing native plugins compatible for Editor in 0.45 ms, found 3 plugins.
Preloading 0 native plugins for Editor in 0.00 ms.
Unloading 2191 Unused Serialized files (Serialized files now loaded: 0)
System memory in use before: 103.2 MB.
System memory in use after: 103.3 MB.

Unloading 21 unused Assets to reduce memory usage. Loaded Objects now: 2723.
Total: 2.430200 ms (FindLiveObjects: 0.213600 ms CreateObjectMapping: 0.142500 ms MarkObjects: 1.965400 ms  DeleteObjects: 0.107400 ms)

========================================================================
Received Prepare
Registering precompiled user dll's ...
Registered in 0.004427 seconds.
Begin MonoManager ReloadAssembly
Native extension for LinuxStandalone target not found
Native extension for WindowsStandalone target not found
Native extension for OSXStandalone target not found
Native extension for WebGL target not found
Refreshing native plugins compatible for Editor in 0.45 ms, found 3 plugins.
Preloading 0 native plugins for Editor in 0.00 ms.
Mono: successfully reloaded assembly
- Completed reload, in  1.369 seconds
Platform modules already initialized, skipping
Refreshing native plugins compatible for Editor in 0.53 ms, found 3 plugins.
Preloading 0 native plugins for Editor in 0.00 ms.
Unloading 2191 Unused Serialized files (Serialized files now loaded: 0)
System memory in use before: 103.3 MB.
System memory in use after: 103.4 MB.

Unloading 21 unused Assets to reduce memory usage. Loaded Objects now: 2727.
Total: 2.224100 ms (FindLiveObjects: 0.208900 ms CreateObjectMapping: 0.103500 ms MarkObjects: 1.799800 ms  DeleteObjects: 0.110800 ms)

========================================================================
Received Prepare
Registering precompiled user dll's ...
Registered in 0.026281 seconds.
Begin MonoManager ReloadAssembly
Native extension for LinuxStandalone target not found
Native extension for WindowsStandalone target not found
Native extension for OSXStandalone target not found
Native extension for WebGL target not found
Refreshing native plugins compatible for Editor in 0.79 ms, found 3 plugins.
Preloading 0 native plugins for Editor in 0.00 ms.
Mono: successfully reloaded assembly
- Completed reload, in  1.285 seconds
Platform modules already initialized, skipping
Refreshing native plugins compatible for Editor in 0.44 ms, found 3 plugins.
Preloading 0 native plugins for Editor in 0.00 ms.
Unloading 2191 Unused Serialized files (Serialized files now loaded: 0)
System memory in use before: 103.3 MB.
System memory in use after: 103.4 MB.

Unloading 21 unused Assets to reduce memory usage. Loaded Objects now: 2731.
Total: 2.630100 ms (FindLiveObjects: 0.216100 ms CreateObjectMapping: 0.086400 ms MarkObjects: 2.216400 ms  DeleteObjects: 0.110100 ms)

========================================================================
Received Prepare
Registering precompiled user dll's ...
Registered in 0.004845 seconds.
Begin MonoManager ReloadAssembly
Native extension for LinuxStandalone target not found
Native extension for WindowsStandalone target not found
Native extension for OSXStandalone target not found
Native extension for WebGL target not found
Refreshing native plugins compatible for Editor in 0.45 ms, found 3 plugins.
Preloading 0 native plugins for Editor in 0.00 ms.
Mono: successfully reloaded assembly
- Completed reload, in  1.227 seconds
Platform modules already initialized, skipping
Refreshing native plugins compatible for Editor in 0.45 ms, found 3 plugins.
Preloading 0 native plugins for Editor in 0.00 ms.
Unloading 2191 Unused Serialized files (Serialized files now loaded: 0)
System memory in use before: 103.3 MB.
System memory in use after: 103.4 MB.

Unloading 21 unused Assets to reduce memory usage. Loaded Objects now: 2735.
Total: 2.162100 ms (FindLiveObjects: 0.217500 ms CreateObjectMapping: 0.095800 ms MarkObjects: 1.745700 ms  DeleteObjects: 0.102100 ms)

========================================================================
Received Prepare
Registering precompiled user dll's ...
Registered in 0.007238 seconds.
Begin MonoManager ReloadAssembly
Native extension for LinuxStandalone target not found
Native extension for WindowsStandalone target not found
Native extension for OSXStandalone target not found
Native extension for WebGL target not found
Refreshing native plugins compatible for Editor in 0.46 ms, found 3 plugins.
Preloading 0 native plugins for Editor in 0.00 ms.
Mono: successfully reloaded assembly
- Completed reload, in  1.071 seconds
Platform modules already initialized, skipping
Refreshing native plugins compatible for Editor in 0.44 ms, found 3 plugins.
Preloading 0 native plugins for Editor in 0.00 ms.
Unloading 2191 Unused Serialized files (Serialized files now loaded: 0)
System memory in use before: 103.3 MB.
System memory in use after: 103.4 MB.

Unloading 21 unused Assets to reduce memory usage. Loaded Objects now: 2739.
Total: 2.354500 ms (FindLiveObjects: 0.221200 ms CreateObjectMapping: 0.095100 ms MarkObjects: 1.922700 ms  DeleteObjects: 0.113900 ms)

========================================================================
Received Prepare
Registering precompiled user dll's ...
Registered in 0.004568 seconds.
Begin MonoManager ReloadAssembly
Native extension for LinuxStandalone target not found
Native extension for WindowsStandalone target not found
Native extension for OSXStandalone target not found
Native extension for WebGL target not found
Refreshing native plugins compatible for Editor in 0.47 ms, found 3 plugins.
Preloading 0 native plugins for Editor in 0.00 ms.
Mono: successfully reloaded assembly
- Completed reload, in  1.191 seconds
Platform modules already initialized, skipping
Refreshing native plugins compatible for Editor in 0.46 ms, found 3 plugins.
Preloading 0 native plugins for Editor in 0.00 ms.
Unloading 2191 Unused Serialized files (Serialized files now loaded: 0)
System memory in use before: 103.2 MB.
System memory in use after: 103.3 MB.

Unloading 21 unused Assets to reduce memory usage. Loaded Objects now: 2743.
Total: 2.316300 ms (FindLiveObjects: 0.203500 ms CreateObjectMapping: 0.131800 ms MarkObjects: 1.865300 ms  DeleteObjects: 0.114400 ms)

========================================================================
Received Import Request.
  Time since last request: 1198.615020 seconds.
  path: Assets/Scripts/PlayerController.cs
  artifactKey: Guid(572f569e825afc44a8c2d59f7aed541e) Importer(815301076,1909f56bfc062723c751e8b465ee728b)
Start importing Assets/Scripts/PlayerController.cs using Guid(572f569e825afc44a8c2d59f7aed541e) Importer(815301076,1909f56bfc062723c751e8b465ee728b)  -> (artifact id: 'b6f10d9f83e3b46d65cf8770c17b7f4a') in 0.011672 seconds
  Import took 0.014920 seconds .

========================================================================
Received Prepare
Registering precompiled user dll's ...
Registered in 0.005409 seconds.
Begin MonoManager ReloadAssembly
Native extension for LinuxStandalone target not found
Native extension for WindowsStandalone target not found
Native extension for OSXStandalone target not found
Native extension for WebGL target not found
Refreshing native plugins compatible for Editor in 0.54 ms, found 3 plugins.
Preloading 0 native plugins for Editor in 0.00 ms.
Mono: successfully reloaded assembly
- Completed reload, in  1.044 seconds
Platform modules already initialized, skipping
Refreshing native plugins compatible for Editor in 0.45 ms, found 3 plugins.
Preloading 0 native plugins for Editor in 0.00 ms.
Unloading 2191 Unused Serialized files (Serialized files now loaded: 0)
System memory in use before: 103.3 MB.
System memory in use after: 103.3 MB.

Unloading 21 unused Assets to reduce memory usage. Loaded Objects now: 2747.
Total: 2.154200 ms (FindLiveObjects: 0.205300 ms CreateObjectMapping: 0.089000 ms MarkObjects: 1.750500 ms  DeleteObjects: 0.108300 ms)

========================================================================
Received Prepare
Registering precompiled user dll's ...
Registered in 0.007478 seconds.
Begin MonoManager ReloadAssembly
Native extension for LinuxStandalone target not found
Native extension for WindowsStandalone target not found
Native extension for OSXStandalone target not found
Native extension for WebGL target not found
Refreshing native plugins compatible for Editor in 0.57 ms, found 3 plugins.
Preloading 0 native plugins for Editor in 0.00 ms.
Mono: successfully reloaded assembly
- Completed reload, in  1.072 seconds
Platform modules already initialized, skipping
Refreshing native plugins compatible for Editor in 0.79 ms, found 3 plugins.
Preloading 0 native plugins for Editor in 0.00 ms.
Unloading 2191 Unused Serialized files (Serialized files now loaded: 0)
System memory in use before: 103.3 MB.
System memory in use after: 103.3 MB.

Unloading 21 unused Assets to reduce memory usage. Loaded Objects now: 2751.
Total: 2.352300 ms (FindLiveObjects: 0.239400 ms CreateObjectMapping: 0.137700 ms MarkObjects: 1.852700 ms  DeleteObjects: 0.121400 ms)

========================================================================
Received Prepare
Registering precompiled user dll's ...
Registered in 0.005064 seconds.
Begin MonoManager ReloadAssembly
Native extension for LinuxStandalone target not found
Native extension for WindowsStandalone target not found
Native extension for OSXStandalone target not found
Native extension for WebGL target not found
Refreshing native plugins compatible for Editor in 0.47 ms, found 3 plugins.
Preloading 0 native plugins for Editor in 0.00 ms.
Mono: successfully reloaded assembly
- Completed reload, in  1.596 seconds
Platform modules already initialized, skipping
Refreshing native plugins compatible for Editor in 0.81 ms, found 3 plugins.
Preloading 0 native plugins for Editor in 0.00 ms.
Unloading 2191 Unused Serialized files (Serialized files now loaded: 0)
System memory in use before: 103.3 MB.
System memory in use after: 103.4 MB.

Unloading 21 unused Assets to reduce memory usage. Loaded Objects now: 2755.
Total: 2.381300 ms (FindLiveObjects: 0.227200 ms CreateObjectMapping: 0.095400 ms MarkObjects: 1.929800 ms  DeleteObjects: 0.127600 ms)

========================================================================
Received Prepare
Registering precompiled user dll's ...
Registered in 0.004896 seconds.
Begin MonoManager ReloadAssembly
Native extension for LinuxStandalone target not found
Native extension for WindowsStandalone target not found
Native extension for OSXStandalone target not found
Native extension for WebGL target not found
Refreshing native plugins compatible for Editor in 0.45 ms, found 3 plugins.
Preloading 0 native plugins for Editor in 0.00 ms.
Mono: successfully reloaded assembly
- Completed reload, in  1.147 seconds
Platform modules already initialized, skipping
Refreshing native plugins compatible for Editor in 0.50 ms, found 3 plugins.
Preloading 0 native plugins for Editor in 0.00 ms.
Unloading 2191 Unused Serialized files (Serialized files now loaded: 0)
System memory in use before: 103.3 MB.
System memory in use after: 103.4 MB.

Unloading 21 unused Assets to reduce memory usage. Loaded Objects now: 2759.
Total: 2.752400 ms (FindLiveObjects: 0.237500 ms CreateObjectMapping: 0.108800 ms MarkObjects: 2.292800 ms  DeleteObjects: 0.112100 ms)

========================================================================
Received Prepare
Registering precompiled user dll's ...
Registered in 0.004616 seconds.
Begin MonoManager ReloadAssembly
Native extension for LinuxStandalone target not found
Native extension for WindowsStandalone target not found
Native extension for OSXStandalone target not found
Native extension for WebGL target not found
Refreshing native plugins compatible for Editor in 0.50 ms, found 3 plugins.
Preloading 0 native plugins for Editor in 0.00 ms.
Mono: successfully reloaded assembly
- Completed reload, in  1.198 seconds
Platform modules already initialized, skipping
Refreshing native plugins compatible for Editor in 0.97 ms, found 3 plugins.
Preloading 0 native plugins for Editor in 0.00 ms.
Unloading 2191 Unused Serialized files (Serialized files now loaded: 0)
System memory in use before: 103.3 MB.
System memory in use after: 103.4 MB.

Unloading 21 unused Assets to reduce memory usage. Loaded Objects now: 2763.
Total: 2.473200 ms (FindLiveObjects: 0.251100 ms CreateObjectMapping: 0.113300 ms MarkObjects: 1.991000 ms  DeleteObjects: 0.116500 ms)

========================================================================
Received Prepare
Registering precompiled user dll's ...
Registered in 0.004889 seconds.
Begin MonoManager ReloadAssembly
Native extension for LinuxStandalone target not found
Native extension for WindowsStandalone target not found
Native extension for OSXStandalone target not found
Native extension for WebGL target not found
Refreshing native plugins compatible for Editor in 0.55 ms, found 3 plugins.
Preloading 0 native plugins for Editor in 0.00 ms.
Mono: successfully reloaded assembly
- Completed reload, in  0.931 seconds
Platform modules already initialized, skipping
Refreshing native plugins compatible for Editor in 0.42 ms, found 3 plugins.
Preloading 0 native plugins for Editor in 0.00 ms.
Unloading 2191 Unused Serialized files (Serialized files now loaded: 0)
System memory in use before: 103.5 MB.
System memory in use after: 103.6 MB.

Unloading 21 unused Assets to reduce memory usage. Loaded Objects now: 2767.
Total: 2.214600 ms (FindLiveObjects: 0.174900 ms CreateObjectMapping: 0.070200 ms MarkObjects: 1.863800 ms  DeleteObjects: 0.104400 ms)

========================================================================
Received Import Request.
  Time since last request: 149.649943 seconds.
  path: Assets/Scenes/Menus/Options.unity
  artifactKey: Guid(7c57e9883ce37ba4da4e1c4bbce49e70) Importer(815301076,1909f56bfc062723c751e8b465ee728b)
Start importing Assets/Scenes/Menus/Options.unity using Guid(7c57e9883ce37ba4da4e1c4bbce49e70) Importer(815301076,1909f56bfc062723c751e8b465ee728b)  -> (artifact id: '92b57af9c07d71b379cc93a7eceb8ae6') in 0.079796 seconds
  Import took 0.084361 seconds .

========================================================================
Received Prepare
Registering precompiled user dll's ...
Registered in 0.020300 seconds.
Begin MonoManager ReloadAssembly
Native extension for LinuxStandalone target not found
Native extension for WindowsStandalone target not found
Native extension for OSXStandalone target not found
Native extension for WebGL target not found
Refreshing native plugins compatible for Editor in 0.49 ms, found 3 plugins.
Preloading 0 native plugins for Editor in 0.00 ms.
Mono: successfully reloaded assembly
- Completed reload, in  1.053 seconds
Platform modules already initialized, skipping
Refreshing native plugins compatible for Editor in 0.50 ms, found 3 plugins.
Preloading 0 native plugins for Editor in 0.00 ms.
Unloading 2191 Unused Serialized files (Serialized files now loaded: 0)
System memory in use before: 103.5 MB.
System memory in use after: 103.6 MB.

Unloading 21 unused Assets to reduce memory usage. Loaded Objects now: 2771.
Total: 3.165800 ms (FindLiveObjects: 0.674500 ms CreateObjectMapping: 0.308400 ms MarkObjects: 2.068000 ms  DeleteObjects: 0.113800 ms)

========================================================================
Received Prepare
Registering precompiled user dll's ...
Registered in 0.005356 seconds.
Begin MonoManager ReloadAssembly
Native extension for LinuxStandalone target not found
Native extension for WindowsStandalone target not found
Native extension for OSXStandalone target not found
Native extension for WebGL target not found
Refreshing native plugins compatible for Editor in 0.45 ms, found 3 plugins.
Preloading 0 native plugins for Editor in 0.00 ms.
Mono: successfully reloaded assembly
- Completed reload, in  1.226 seconds
Platform modules already initialized, skipping
Refreshing native plugins compatible for Editor in 0.44 ms, found 3 plugins.
Preloading 0 native plugins for Editor in 0.00 ms.
Unloading 2191 Unused Serialized files (Serialized files now loaded: 0)
System memory in use before: 103.5 MB.
System memory in use after: 103.6 MB.

Unloading 21 unused Assets to reduce memory usage. Loaded Objects now: 2775.
Total: 2.286800 ms (FindLiveObjects: 0.227800 ms CreateObjectMapping: 0.101700 ms MarkObjects: 1.852400 ms  DeleteObjects: 0.104000 ms)

========================================================================
Received Prepare
Registering precompiled user dll's ...
Registered in 0.004661 seconds.
Begin MonoManager ReloadAssembly
Native extension for LinuxStandalone target not found
Native extension for WindowsStandalone target not found
Native extension for OSXStandalone target not found
Native extension for WebGL target not found
Refreshing native plugins compatible for Editor in 0.52 ms, found 3 plugins.
Preloading 0 native plugins for Editor in 0.00 ms.
Mono: successfully reloaded assembly
- Completed reload, in  1.147 seconds
Platform modules already initialized, skipping
Refreshing native plugins compatible for Editor in 0.46 ms, found 3 plugins.
Preloading 0 native plugins for Editor in 0.00 ms.
Unloading 2191 Unused Serialized files (Serialized files now loaded: 0)
System memory in use before: 103.5 MB.
System memory in use after: 103.6 MB.

Unloading 21 unused Assets to reduce memory usage. Loaded Objects now: 2779.
Total: 2.399200 ms (FindLiveObjects: 0.240700 ms CreateObjectMapping: 0.096700 ms MarkObjects: 1.948900 ms  DeleteObjects: 0.111900 ms)

========================================================================
Received Import Request.
  Time since last request: 89.179264 seconds.
  path: Assets/Scripts/Menus/PauseManager.cs
  artifactKey: Guid(348010a210d0e7b459d6d4ef56bd3b02) Importer(815301076,1909f56bfc062723c751e8b465ee728b)
Start importing Assets/Scripts/Menus/PauseManager.cs using Guid(348010a210d0e7b459d6d4ef56bd3b02) Importer(815301076,1909f56bfc062723c751e8b465ee728b)  -> (artifact id: 'b882c90f6d4668fd551721f97e086ec2') in 0.007318 seconds
  Import took 0.010600 seconds .

========================================================================
Received Import Request.
  Time since last request: 0.002607 seconds.
  path: Assets/Scripts/Menus/PauseManager.cs
  artifactKey: Guid(348010a210d0e7b459d6d4ef56bd3b02) Importer(815301076,1909f56bfc062723c751e8b465ee728b)
Start importing Assets/Scripts/Menus/PauseManager.cs using Guid(348010a210d0e7b459d6d4ef56bd3b02) Importer(815301076,1909f56bfc062723c751e8b465ee728b)  -> (artifact id: 'b882c90f6d4668fd551721f97e086ec2') in 0.004216 seconds
  Import took 0.007615 seconds .

========================================================================
Received Prepare
Registering precompiled user dll's ...
Registered in 0.007179 seconds.
Begin MonoManager ReloadAssembly
Native extension for LinuxStandalone target not found
Native extension for WindowsStandalone target not found
Native extension for OSXStandalone target not found
Native extension for WebGL target not found
Refreshing native plugins compatible for Editor in 0.45 ms, found 3 plugins.
Preloading 0 native plugins for Editor in 0.00 ms.
Mono: successfully reloaded assembly
- Completed reload, in  1.076 seconds
Platform modules already initialized, skipping
Refreshing native plugins compatible for Editor in 0.43 ms, found 3 plugins.
Preloading 0 native plugins for Editor in 0.00 ms.
Unloading 2191 Unused Serialized files (Serialized files now loaded: 0)
System memory in use before: 103.4 MB.
System memory in use after: 103.5 MB.

Unloading 21 unused Assets to reduce memory usage. Loaded Objects now: 2783.
Total: 2.193400 ms (FindLiveObjects: 0.241600 ms CreateObjectMapping: 0.097300 ms MarkObjects: 1.744000 ms  DeleteObjects: 0.109500 ms)

========================================================================
Received Import Request.
  Time since last request: 15.739103 seconds.
  path: Assets/Scripts/Menus/PauseManager.cs
  artifactKey: Guid(348010a210d0e7b459d6d4ef56bd3b02) Importer(815301076,1909f56bfc062723c751e8b465ee728b)
Start importing Assets/Scripts/Menus/PauseManager.cs using Guid(348010a210d0e7b459d6d4ef56bd3b02) Importer(815301076,1909f56bfc062723c751e8b465ee728b)  -> (artifact id: '840c5d42b0bcf5889ad1ba95080be9d0') in 0.005490 seconds
  Import took 0.009069 seconds .

========================================================================
Received Prepare
Registering precompiled user dll's ...
Registered in 0.005147 seconds.
Begin MonoManager ReloadAssembly
Native extension for LinuxStandalone target not found
Native extension for WindowsStandalone target not found
Native extension for OSXStandalone target not found
Native extension for WebGL target not found
Refreshing native plugins compatible for Editor in 0.47 ms, found 3 plugins.
Preloading 0 native plugins for Editor in 0.00 ms.
Mono: successfully reloaded assembly
- Completed reload, in  1.178 seconds
Platform modules already initialized, skipping
Refreshing native plugins compatible for Editor in 0.44 ms, found 3 plugins.
Preloading 0 native plugins for Editor in 0.00 ms.
Unloading 2191 Unused Serialized files (Serialized files now loaded: 0)
System memory in use before: 103.4 MB.
System memory in use after: 103.5 MB.

Unloading 21 unused Assets to reduce memory usage. Loaded Objects now: 2787.
Total: 2.568500 ms (FindLiveObjects: 0.247700 ms CreateObjectMapping: 0.119700 ms MarkObjects: 2.082900 ms  DeleteObjects: 0.117000 ms)

========================================================================
Received Prepare
Registering precompiled user dll's ...
Registered in 0.006638 seconds.
Begin MonoManager ReloadAssembly
Native extension for LinuxStandalone target not found
Native extension for WindowsStandalone target not found
Native extension for OSXStandalone target not found
Native extension for WebGL target not found
Refreshing native plugins compatible for Editor in 0.54 ms, found 3 plugins.
Preloading 0 native plugins for Editor in 0.00 ms.
Mono: successfully reloaded assembly
- Completed reload, in  1.219 seconds
Platform modules already initialized, skipping
Refreshing native plugins compatible for Editor in 0.44 ms, found 3 plugins.
Preloading 0 native plugins for Editor in 0.00 ms.
Unloading 2191 Unused Serialized files (Serialized files now loaded: 0)
System memory in use before: 103.4 MB.
System memory in use after: 103.5 MB.

Unloading 21 unused Assets to reduce memory usage. Loaded Objects now: 2791.
Total: 3.127200 ms (FindLiveObjects: 0.206800 ms CreateObjectMapping: 0.083000 ms MarkObjects: 2.696800 ms  DeleteObjects: 0.139200 ms)

========================================================================
Received Prepare
Registering precompiled user dll's ...
Registered in 0.004617 seconds.
Begin MonoManager ReloadAssembly
Native extension for LinuxStandalone target not found
Native extension for WindowsStandalone target not found
Native extension for OSXStandalone target not found
Native extension for WebGL target not found
Refreshing native plugins compatible for Editor in 0.41 ms, found 3 plugins.
Preloading 0 native plugins for Editor in 0.00 ms.
Mono: successfully reloaded assembly
- Completed reload, in  1.249 seconds
Platform modules already initialized, skipping
Refreshing native plugins compatible for Editor in 0.64 ms, found 3 plugins.
Preloading 0 native plugins for Editor in 0.00 ms.
Unloading 2191 Unused Serialized files (Serialized files now loaded: 0)
System memory in use before: 103.4 MB.
System memory in use after: 103.5 MB.

Unloading 21 unused Assets to reduce memory usage. Loaded Objects now: 2795.
Total: 2.717100 ms (FindLiveObjects: 0.266600 ms CreateObjectMapping: 0.239400 ms MarkObjects: 2.096700 ms  DeleteObjects: 0.113400 ms)

========================================================================
Received Prepare
Registering precompiled user dll's ...
Registered in 0.007526 seconds.
Begin MonoManager ReloadAssembly
Native extension for LinuxStandalone target not found
Native extension for WindowsStandalone target not found
Native extension for OSXStandalone target not found
Native extension for WebGL target not found
Refreshing native plugins compatible for Editor in 0.54 ms, found 3 plugins.
Preloading 0 native plugins for Editor in 0.00 ms.
Mono: successfully reloaded assembly
- Completed reload, in  1.215 seconds
Platform modules already initialized, skipping
Refreshing native plugins compatible for Editor in 0.46 ms, found 3 plugins.
Preloading 0 native plugins for Editor in 0.00 ms.
Unloading 2191 Unused Serialized files (Serialized files now loaded: 0)
System memory in use before: 103.5 MB.
System memory in use after: 103.5 MB.

Unloading 21 unused Assets to reduce memory usage. Loaded Objects now: 2799.
Total: 2.128400 ms (FindLiveObjects: 0.204600 ms CreateObjectMapping: 0.078400 ms MarkObjects: 1.737200 ms  DeleteObjects: 0.107100 ms)

========================================================================
Received Prepare
Registering precompiled user dll's ...
Registered in 0.004595 seconds.
Begin MonoManager ReloadAssembly
Native extension for LinuxStandalone target not found
Native extension for WindowsStandalone target not found
Native extension for OSXStandalone target not found
Native extension for WebGL target not found
Refreshing native plugins compatible for Editor in 0.43 ms, found 3 plugins.
Preloading 0 native plugins for Editor in 0.00 ms.
Mono: successfully reloaded assembly
- Completed reload, in  0.934 seconds
Platform modules already initialized, skipping
Refreshing native plugins compatible for Editor in 0.43 ms, found 3 plugins.
Preloading 0 native plugins for Editor in 0.00 ms.
Unloading 2191 Unused Serialized files (Serialized files now loaded: 0)
System memory in use before: 103.5 MB.
System memory in use after: 103.5 MB.

Unloading 21 unused Assets to reduce memory usage. Loaded Objects now: 2803.
Total: 2.149400 ms (FindLiveObjects: 0.205600 ms CreateObjectMapping: 0.082400 ms MarkObjects: 1.760400 ms  DeleteObjects: 0.100000 ms)

========================================================================
Received Prepare
Registering precompiled user dll's ...
Registered in 0.005924 seconds.
Begin MonoManager ReloadAssembly
Native extension for LinuxStandalone target not found
Native extension for WindowsStandalone target not found
Native extension for OSXStandalone target not found
Native extension for WebGL target not found
Refreshing native plugins compatible for Editor in 0.56 ms, found 3 plugins.
Preloading 0 native plugins for Editor in 0.00 ms.
Mono: successfully reloaded assembly
- Completed reload, in  1.831 seconds
Platform modules already initialized, skipping
Refreshing native plugins compatible for Editor in 0.55 ms, found 3 plugins.
Preloading 0 native plugins for Editor in 0.00 ms.
Unloading 2191 Unused Serialized files (Serialized files now loaded: 0)
System memory in use before: 103.5 MB.
System memory in use after: 103.6 MB.

Unloading 21 unused Assets to reduce memory usage. Loaded Objects now: 2807.
Total: 2.322200 ms (FindLiveObjects: 0.246300 ms CreateObjectMapping: 0.112500 ms MarkObjects: 1.855200 ms  DeleteObjects: 0.107000 ms)

========================================================================
Received Import Request.
  Time since last request: 301.593327 seconds.
  path: Assets/Scripts/Menus/LoseText.cs
  artifactKey: Guid(a67f57dbacd24544a85ff9f857a77d51) Importer(815301076,1909f56bfc062723c751e8b465ee728b)
Start importing Assets/Scripts/Menus/LoseText.cs using Guid(a67f57dbacd24544a85ff9f857a77d51) Importer(815301076,1909f56bfc062723c751e8b465ee728b)  -> (artifact id: 'f1c43ef6685e381e378e5e8a4dea968a') in 0.007351 seconds
  Import took 0.010697 seconds .

========================================================================
Received Prepare
Registering precompiled user dll's ...
Registered in 0.009283 seconds.
Begin MonoManager ReloadAssembly
Native extension for LinuxStandalone target not found
Native extension for WindowsStandalone target not found
Native extension for OSXStandalone target not found
Native extension for WebGL target not found
Refreshing native plugins compatible for Editor in 0.47 ms, found 3 plugins.
Preloading 0 native plugins for Editor in 0.00 ms.
Mono: successfully reloaded assembly
- Completed reload, in  1.326 seconds
Platform modules already initialized, skipping
Refreshing native plugins compatible for Editor in 0.64 ms, found 3 plugins.
Preloading 0 native plugins for Editor in 0.00 ms.
Unloading 2191 Unused Serialized files (Serialized files now loaded: 0)
System memory in use before: 103.5 MB.
System memory in use after: 103.6 MB.

Unloading 21 unused Assets to reduce memory usage. Loaded Objects now: 2811.
Total: 2.946100 ms (FindLiveObjects: 0.339800 ms CreateObjectMapping: 0.151800 ms MarkObjects: 2.328400 ms  DeleteObjects: 0.124700 ms)

========================================================================
Received Import Request.
  Time since last request: 35.468242 seconds.
  path: Assets/Scripts/Menus/LoseText.cs
  artifactKey: Guid(a67f57dbacd24544a85ff9f857a77d51) Importer(815301076,1909f56bfc062723c751e8b465ee728b)
Start importing Assets/Scripts/Menus/LoseText.cs using Guid(a67f57dbacd24544a85ff9f857a77d51) Importer(815301076,1909f56bfc062723c751e8b465ee728b)  -> (artifact id: '9fb0957a7b6f3f4906912e31f19391bf') in 0.010487 seconds
  Import took 0.015263 seconds .

========================================================================
Received Prepare
Registering precompiled user dll's ...
Registered in 0.004593 seconds.
Begin MonoManager ReloadAssembly
Native extension for LinuxStandalone target not found
Native extension for WindowsStandalone target not found
Native extension for OSXStandalone target not found
Native extension for WebGL target not found
Refreshing native plugins compatible for Editor in 0.49 ms, found 3 plugins.
Preloading 0 native plugins for Editor in 0.00 ms.
Mono: successfully reloaded assembly
- Completed reload, in  1.333 seconds
Platform modules already initialized, skipping
Refreshing native plugins compatible for Editor in 0.72 ms, found 3 plugins.
Preloading 0 native plugins for Editor in 0.00 ms.
Unloading 2191 Unused Serialized files (Serialized files now loaded: 0)
System memory in use before: 103.5 MB.
System memory in use after: 103.6 MB.

Unloading 21 unused Assets to reduce memory usage. Loaded Objects now: 2815.
Total: 3.877100 ms (FindLiveObjects: 0.246100 ms CreateObjectMapping: 0.114300 ms MarkObjects: 3.393900 ms  DeleteObjects: 0.121500 ms)

AssetImportWorkerClient::OnTransportError - code=2 error=End of file
