Using pre-set license
Built from '2020.3/staging' branch; Version is '2020.3.11f1 (99c7afb366b3) revision 10078127'; Using compiler version '192528614'; Build Type 'Release'
OS: 'Windows 10 Home; OS build 19041.1052; Version 2004; 64bit' Language: 'en' Physical Memory: 32700 MB
BatchMode: 1, IsHumanControllingUs: 0, StartBugReporterOnCrash: 0, Is64bit: 1, IsPro: 0

 COMMAND LINE ARGUMENTS:
C:\Program Files\Unity\Hub\Editor\2020.3.11f1\Editor\Unity.exe
-adb2
-batchMode
-noUpm
-name
AssetImportWorker3
-projectPath
C:/Users/tyly0/Desktop/My Work/GMTKGameJam2021/GMTK Game Jam 2021
-logFile
Logs/AssetImportWorker3.log
-srvPort
57398
Successfully changed project path to: C:/Users/tyly0/Desktop/My Work/GMTKGameJam2021/GMTK Game Jam 2021
C:/Users/tyly0/Desktop/My Work/GMTKGameJam2021/GMTK Game Jam 2021
Using Asset Import Pipeline V2.
Refreshing native plugins compatible for Editor in 41.39 ms, found 3 plugins.
Preloading 0 native plugins for Editor in 0.00 ms.
Initialize engine version: 2020.3.11f1 (99c7afb366b3)
[Subsystems] Discovering subsystems at path C:/Program Files/Unity/Hub/Editor/2020.3.11f1/Editor/Data/Resources/UnitySubsystems
[Subsystems] Discovering subsystems at path C:/Users/tyly0/Desktop/My Work/GMTKGameJam2021/GMTK Game Jam 2021/Assets
GfxDevice: creating device client; threaded=0
Direct3D:
    Version:  Direct3D 11.0 [level 11.1]
    Renderer: NVIDIA GeForce RTX 2070 SUPER (ID=0x1e84)
    Vendor:   
    VRAM:     8011 MB
    Driver:   27.21.14.5751
Initialize mono
Mono path[0] = 'C:/Program Files/Unity/Hub/Editor/2020.3.11f1/Editor/Data/Managed'
Mono path[1] = 'C:/Program Files/Unity/Hub/Editor/2020.3.11f1/Editor/Data/MonoBleedingEdge/lib/mono/unityjit'
Mono config path = 'C:/Program Files/Unity/Hub/Editor/2020.3.11f1/Editor/Data/MonoBleedingEdge/etc'
Using monoOptions --debugger-agent=transport=dt_socket,embedding=1,server=y,suspend=n,address=127.0.0.1:56292
Begin MonoManager ReloadAssembly
Registering precompiled unity dll's ...
Register platform support module: C:/Program Files/Unity/Hub/Editor/2020.3.11f1/Editor/Data/PlaybackEngines/WebGLSupport/UnityEditor.WebGL.Extensions.dll
Register platform support module: C:/Program Files/Unity/Hub/Editor/2020.3.11f1/Editor/Data/PlaybackEngines/MacStandaloneSupport/UnityEditor.OSXStandalone.Extensions.dll
Register platform support module: C:/Program Files/Unity/Hub/Editor/2020.3.11f1/Editor/Data/PlaybackEngines/WindowsStandaloneSupport/UnityEditor.WindowsStandalone.Extensions.dll
Register platform support module: C:/Program Files/Unity/Hub/Editor/2020.3.11f1/Editor/Data/PlaybackEngines/LinuxStandaloneSupport/UnityEditor.LinuxStandalone.Extensions.dll
Registered in 0.004766 seconds.
Native extension for LinuxStandalone target not found
Native extension for WindowsStandalone target not found
Native extension for OSXStandalone target not found
Native extension for WebGL target not found
Refreshing native plugins compatible for Editor in 40.23 ms, found 3 plugins.
Preloading 0 native plugins for Editor in 0.00 ms.
Mono: successfully reloaded assembly
- Completed reload, in  1.550 seconds
Platform modules already initialized, skipping
Registering precompiled user dll's ...
Registered in 0.005151 seconds.
Begin MonoManager ReloadAssembly
Native extension for LinuxStandalone target not found
Native extension for WindowsStandalone target not found
Native extension for OSXStandalone target not found
Native extension for WebGL target not found
Refreshing native plugins compatible for Editor in 35.56 ms, found 3 plugins.
Preloading 0 native plugins for Editor in 0.00 ms.
Mono: successfully reloaded assembly
- Completed reload, in  0.959 seconds
Platform modules already initialized, skipping
========================================================================
Worker process is ready to serve import requests
Launched and connected shader compiler UnityShaderCompiler.exe after 0.04 seconds
Refreshing native plugins compatible for Editor in 0.41 ms, found 3 plugins.
Preloading 0 native plugins for Editor in 0.00 ms.
Unloading 2216 Unused Serialized files (Serialized files now loaded: 0)
System memory in use before: 102.2 MB.
System memory in use after: 102.1 MB.

Unloading 33 unused Assets to reduce memory usage. Loaded Objects now: 2653.
Total: 2.284900 ms (FindLiveObjects: 0.184100 ms CreateObjectMapping: 0.086300 ms MarkObjects: 1.895200 ms  DeleteObjects: 0.118200 ms)

========================================================================
Received Import Request.
  path: Assets/Scripts/PickupData/WreckingBall.asset
  artifactKey: Guid(f7f3bef8f499fa242b6ef3fbe5a5b30f) Importer(815301076,1909f56bfc062723c751e8b465ee728b)
Start importing Assets/Scripts/PickupData/WreckingBall.asset using Guid(f7f3bef8f499fa242b6ef3fbe5a5b30f) Importer(815301076,1909f56bfc062723c751e8b465ee728b)  -> (artifact id: '73d701f12a12601051bb06249f87c744') in 0.033919 seconds
  Import took 0.037836 seconds .

========================================================================
Received Prepare
Registering precompiled user dll's ...
Registered in 0.004460 seconds.
Begin MonoManager ReloadAssembly
Native extension for LinuxStandalone target not found
Native extension for WindowsStandalone target not found
Native extension for OSXStandalone target not found
Native extension for WebGL target not found
Refreshing native plugins compatible for Editor in 0.58 ms, found 3 plugins.
Preloading 0 native plugins for Editor in 0.00 ms.
Mono: successfully reloaded assembly
- Completed reload, in  1.042 seconds
Platform modules already initialized, skipping
Refreshing native plugins compatible for Editor in 0.43 ms, found 3 plugins.
Preloading 0 native plugins for Editor in 0.00 ms.
Unloading 2184 Unused Serialized files (Serialized files now loaded: 0)
System memory in use before: 99.6 MB.
System memory in use after: 99.6 MB.

Unloading 21 unused Assets to reduce memory usage. Loaded Objects now: 2657.
Total: 2.101800 ms (FindLiveObjects: 0.212700 ms CreateObjectMapping: 0.103800 ms MarkObjects: 1.690500 ms  DeleteObjects: 0.093800 ms)

========================================================================
Received Import Request.
  Time since last request: 20.057939 seconds.
  path: Assets/Scripts/PickupData/WreckingBall.asset
  artifactKey: Guid(f7f3bef8f499fa242b6ef3fbe5a5b30f) Importer(815301076,1909f56bfc062723c751e8b465ee728b)
Start importing Assets/Scripts/PickupData/WreckingBall.asset using Guid(f7f3bef8f499fa242b6ef3fbe5a5b30f) Importer(815301076,1909f56bfc062723c751e8b465ee728b)  -> (artifact id: 'cd8617c830717e8bb37508191f22d57f') in 0.015339 seconds
  Import took 0.018401 seconds .

========================================================================
Received Prepare
Registering precompiled user dll's ...
Registered in 0.004437 seconds.
Begin MonoManager ReloadAssembly
Native extension for LinuxStandalone target not found
Native extension for WindowsStandalone target not found
Native extension for OSXStandalone target not found
Native extension for WebGL target not found
Refreshing native plugins compatible for Editor in 0.45 ms, found 3 plugins.
Preloading 0 native plugins for Editor in 0.00 ms.
Mono: successfully reloaded assembly
- Completed reload, in  1.111 seconds
Platform modules already initialized, skipping
Refreshing native plugins compatible for Editor in 0.45 ms, found 3 plugins.
Preloading 0 native plugins for Editor in 0.00 ms.
Unloading 2184 Unused Serialized files (Serialized files now loaded: 0)
System memory in use before: 99.7 MB.
System memory in use after: 99.6 MB.

Unloading 21 unused Assets to reduce memory usage. Loaded Objects now: 2661.
Total: 2.166200 ms (FindLiveObjects: 0.183500 ms CreateObjectMapping: 0.083300 ms MarkObjects: 1.807100 ms  DeleteObjects: 0.091400 ms)

========================================================================
Received Prepare
Registering precompiled user dll's ...
Registered in 0.004776 seconds.
Begin MonoManager ReloadAssembly
Native extension for LinuxStandalone target not found
Native extension for WindowsStandalone target not found
Native extension for OSXStandalone target not found
Native extension for WebGL target not found
Refreshing native plugins compatible for Editor in 0.54 ms, found 3 plugins.
Preloading 0 native plugins for Editor in 0.00 ms.
Mono: successfully reloaded assembly
- Completed reload, in  1.019 seconds
Platform modules already initialized, skipping
Refreshing native plugins compatible for Editor in 0.43 ms, found 3 plugins.
Preloading 0 native plugins for Editor in 0.00 ms.
Unloading 2184 Unused Serialized files (Serialized files now loaded: 0)
System memory in use before: 99.7 MB.
System memory in use after: 99.7 MB.

Unloading 21 unused Assets to reduce memory usage. Loaded Objects now: 2665.
Total: 2.087600 ms (FindLiveObjects: 0.190700 ms CreateObjectMapping: 0.125400 ms MarkObjects: 1.672500 ms  DeleteObjects: 0.098000 ms)

========================================================================
Received Import Request.
  Time since last request: 97.474360 seconds.
  path: Assets/Scripts/PickupData/WreckingBall.asset
  artifactKey: Guid(f7f3bef8f499fa242b6ef3fbe5a5b30f) Importer(815301076,1909f56bfc062723c751e8b465ee728b)
Start importing Assets/Scripts/PickupData/WreckingBall.asset using Guid(f7f3bef8f499fa242b6ef3fbe5a5b30f) Importer(815301076,1909f56bfc062723c751e8b465ee728b)  -> (artifact id: 'b7923901c9fd8d67fa411ba6edfbfa05') in 0.015603 seconds
  Import took 0.018636 seconds .

========================================================================
Received Import Request.
  Time since last request: 0.092870 seconds.
  path: Assets/Scripts/PickupData/WreckingBall.asset
  artifactKey: Guid(f7f3bef8f499fa242b6ef3fbe5a5b30f) Importer(815301076,1909f56bfc062723c751e8b465ee728b)
Start importing Assets/Scripts/PickupData/WreckingBall.asset using Guid(f7f3bef8f499fa242b6ef3fbe5a5b30f) Importer(815301076,1909f56bfc062723c751e8b465ee728b)  -> (artifact id: 'b7923901c9fd8d67fa411ba6edfbfa05') in 0.005274 seconds
  Import took 0.008287 seconds .

========================================================================
Received Prepare
Registering precompiled user dll's ...
Registered in 0.004820 seconds.
Begin MonoManager ReloadAssembly
Native extension for LinuxStandalone target not found
Native extension for WindowsStandalone target not found
Native extension for OSXStandalone target not found
Native extension for WebGL target not found
Refreshing native plugins compatible for Editor in 0.45 ms, found 3 plugins.
Preloading 0 native plugins for Editor in 0.00 ms.
Mono: successfully reloaded assembly
- Completed reload, in  0.962 seconds
Platform modules already initialized, skipping
Refreshing native plugins compatible for Editor in 0.45 ms, found 3 plugins.
Preloading 0 native plugins for Editor in 0.00 ms.
Unloading 2184 Unused Serialized files (Serialized files now loaded: 0)
System memory in use before: 99.7 MB.
System memory in use after: 99.7 MB.

Unloading 21 unused Assets to reduce memory usage. Loaded Objects now: 2669.
Total: 2.333200 ms (FindLiveObjects: 0.239100 ms CreateObjectMapping: 0.110700 ms MarkObjects: 1.883100 ms  DeleteObjects: 0.099300 ms)

========================================================================
Received Import Request.
  Time since last request: 12.168249 seconds.
  path: Assets/Scripts/PickupData/WreckingBall.asset
  artifactKey: Guid(f7f3bef8f499fa242b6ef3fbe5a5b30f) Importer(815301076,1909f56bfc062723c751e8b465ee728b)
Start importing Assets/Scripts/PickupData/WreckingBall.asset using Guid(f7f3bef8f499fa242b6ef3fbe5a5b30f) Importer(815301076,1909f56bfc062723c751e8b465ee728b)  -> (artifact id: '51c138784b91e5b16716f1bd28d9ade1') in 0.018983 seconds
  Import took 0.022292 seconds .

========================================================================
Received Import Request.
  Time since last request: 3.072811 seconds.
  path: Assets/Scripts/PickupData/WreckingBall.asset
  artifactKey: Guid(f7f3bef8f499fa242b6ef3fbe5a5b30f) Importer(815301076,1909f56bfc062723c751e8b465ee728b)
Start importing Assets/Scripts/PickupData/WreckingBall.asset using Guid(f7f3bef8f499fa242b6ef3fbe5a5b30f) Importer(815301076,1909f56bfc062723c751e8b465ee728b)  -> (artifact id: '46da83cdf292744c480b7ef30fb0c5c3') in 0.005680 seconds
  Import took 0.008815 seconds .

========================================================================
Received Import Request.
  Time since last request: 0.001541 seconds.
  path: Assets/Scripts/PickupData/WreckingBall.asset
  artifactKey: Guid(f7f3bef8f499fa242b6ef3fbe5a5b30f) Importer(815301076,1909f56bfc062723c751e8b465ee728b)
Start importing Assets/Scripts/PickupData/WreckingBall.asset using Guid(f7f3bef8f499fa242b6ef3fbe5a5b30f) Importer(815301076,1909f56bfc062723c751e8b465ee728b)  -> (artifact id: '46da83cdf292744c480b7ef30fb0c5c3') in 0.005676 seconds
  Import took 0.009370 seconds .

========================================================================
Received Prepare
Registering precompiled user dll's ...
Registered in 0.004498 seconds.
Begin MonoManager ReloadAssembly
Native extension for LinuxStandalone target not found
Native extension for WindowsStandalone target not found
Native extension for OSXStandalone target not found
Native extension for WebGL target not found
Refreshing native plugins compatible for Editor in 0.44 ms, found 3 plugins.
Preloading 0 native plugins for Editor in 0.00 ms.
Mono: successfully reloaded assembly
- Completed reload, in  1.060 seconds
Platform modules already initialized, skipping
Refreshing native plugins compatible for Editor in 0.45 ms, found 3 plugins.
Preloading 0 native plugins for Editor in 0.00 ms.
Unloading 2184 Unused Serialized files (Serialized files now loaded: 0)
System memory in use before: 99.6 MB.
System memory in use after: 99.6 MB.

Unloading 21 unused Assets to reduce memory usage. Loaded Objects now: 2673.
Total: 2.377100 ms (FindLiveObjects: 0.248700 ms CreateObjectMapping: 0.201900 ms MarkObjects: 1.830700 ms  DeleteObjects: 0.094700 ms)

========================================================================
Received Prepare
Registering precompiled user dll's ...
Registered in 0.004380 seconds.
Begin MonoManager ReloadAssembly
Native extension for LinuxStandalone target not found
Native extension for WindowsStandalone target not found
Native extension for OSXStandalone target not found
Native extension for WebGL target not found
Refreshing native plugins compatible for Editor in 0.41 ms, found 3 plugins.
Preloading 0 native plugins for Editor in 0.00 ms.
Mono: successfully reloaded assembly
- Completed reload, in  0.897 seconds
Platform modules already initialized, skipping
Refreshing native plugins compatible for Editor in 0.43 ms, found 3 plugins.
Preloading 0 native plugins for Editor in 0.00 ms.
Unloading 2184 Unused Serialized files (Serialized files now loaded: 0)
System memory in use before: 99.6 MB.
System memory in use after: 99.6 MB.

Unloading 21 unused Assets to reduce memory usage. Loaded Objects now: 2677.
Total: 2.249800 ms (FindLiveObjects: 0.176400 ms CreateObjectMapping: 0.061700 ms MarkObjects: 1.915300 ms  DeleteObjects: 0.095400 ms)

========================================================================
Received Prepare
Registering precompiled user dll's ...
Registered in 0.004425 seconds.
Begin MonoManager ReloadAssembly
Native extension for LinuxStandalone target not found
Native extension for WindowsStandalone target not found
Native extension for OSXStandalone target not found
Native extension for WebGL target not found
Refreshing native plugins compatible for Editor in 0.45 ms, found 3 plugins.
Preloading 0 native plugins for Editor in 0.00 ms.
Mono: successfully reloaded assembly
- Completed reload, in  0.960 seconds
Platform modules already initialized, skipping
Refreshing native plugins compatible for Editor in 0.44 ms, found 3 plugins.
Preloading 0 native plugins for Editor in 0.00 ms.
Unloading 2184 Unused Serialized files (Serialized files now loaded: 0)
System memory in use before: 99.6 MB.
System memory in use after: 99.6 MB.

Unloading 21 unused Assets to reduce memory usage. Loaded Objects now: 2681.
Total: 2.106100 ms (FindLiveObjects: 0.194100 ms CreateObjectMapping: 0.097300 ms MarkObjects: 1.717400 ms  DeleteObjects: 0.096400 ms)

========================================================================
Received Prepare
Registering precompiled user dll's ...
Registered in 0.004839 seconds.
Begin MonoManager ReloadAssembly
Native extension for LinuxStandalone target not found
Native extension for WindowsStandalone target not found
Native extension for OSXStandalone target not found
Native extension for WebGL target not found
Refreshing native plugins compatible for Editor in 0.45 ms, found 3 plugins.
Preloading 0 native plugins for Editor in 0.00 ms.
Mono: successfully reloaded assembly
- Completed reload, in  1.015 seconds
Platform modules already initialized, skipping
Refreshing native plugins compatible for Editor in 0.47 ms, found 3 plugins.
Preloading 0 native plugins for Editor in 0.00 ms.
Unloading 2184 Unused Serialized files (Serialized files now loaded: 0)
System memory in use before: 99.7 MB.
System memory in use after: 99.7 MB.

Unloading 21 unused Assets to reduce memory usage. Loaded Objects now: 2685.
Total: 1.977300 ms (FindLiveObjects: 0.183000 ms CreateObjectMapping: 0.076000 ms MarkObjects: 1.616700 ms  DeleteObjects: 0.100600 ms)

========================================================================
Received Prepare
Registering precompiled user dll's ...
Registered in 0.004441 seconds.
Begin MonoManager ReloadAssembly
Native extension for LinuxStandalone target not found
Native extension for WindowsStandalone target not found
Native extension for OSXStandalone target not found
Native extension for WebGL target not found
Refreshing native plugins compatible for Editor in 0.42 ms, found 3 plugins.
Preloading 0 native plugins for Editor in 0.00 ms.
Mono: successfully reloaded assembly
- Completed reload, in  0.986 seconds
Platform modules already initialized, skipping
Refreshing native plugins compatible for Editor in 0.43 ms, found 3 plugins.
Preloading 0 native plugins for Editor in 0.00 ms.
Unloading 2184 Unused Serialized files (Serialized files now loaded: 0)
System memory in use before: 99.8 MB.
System memory in use after: 99.7 MB.

Unloading 21 unused Assets to reduce memory usage. Loaded Objects now: 2689.
Total: 3.174400 ms (FindLiveObjects: 0.293600 ms CreateObjectMapping: 0.125600 ms MarkObjects: 2.631200 ms  DeleteObjects: 0.122300 ms)

========================================================================
Received Prepare
Registering precompiled user dll's ...
Registered in 0.005450 seconds.
Begin MonoManager ReloadAssembly
Native extension for LinuxStandalone target not found
Native extension for WindowsStandalone target not found
Native extension for OSXStandalone target not found
Native extension for WebGL target not found
Refreshing native plugins compatible for Editor in 0.89 ms, found 3 plugins.
Preloading 0 native plugins for Editor in 0.00 ms.
Mono: successfully reloaded assembly
- Completed reload, in  1.016 seconds
Platform modules already initialized, skipping
Refreshing native plugins compatible for Editor in 0.45 ms, found 3 plugins.
Preloading 0 native plugins for Editor in 0.00 ms.
Unloading 2184 Unused Serialized files (Serialized files now loaded: 0)
System memory in use before: 99.8 MB.
System memory in use after: 99.7 MB.

Unloading 21 unused Assets to reduce memory usage. Loaded Objects now: 2693.
Total: 2.703800 ms (FindLiveObjects: 0.187100 ms CreateObjectMapping: 0.106900 ms MarkObjects: 2.231400 ms  DeleteObjects: 0.177000 ms)

========================================================================
Received Import Request.
  Time since last request: 435.082698 seconds.
  path: Assets/Scripts/PickupData/WreckingBall.asset
  artifactKey: Guid(f7f3bef8f499fa242b6ef3fbe5a5b30f) Importer(815301076,1909f56bfc062723c751e8b465ee728b)
Start importing Assets/Scripts/PickupData/WreckingBall.asset using Guid(f7f3bef8f499fa242b6ef3fbe5a5b30f) Importer(815301076,1909f56bfc062723c751e8b465ee728b)  -> (artifact id: 'dcf1b3e60b18bd6e73be295fadc70be9') in 0.043503 seconds
  Import took 0.048896 seconds .

========================================================================
Received Import Request.
  Time since last request: 0.097768 seconds.
  path: Assets/Scripts/PickupData/WreckingBall.asset
  artifactKey: Guid(f7f3bef8f499fa242b6ef3fbe5a5b30f) Importer(815301076,1909f56bfc062723c751e8b465ee728b)
Start importing Assets/Scripts/PickupData/WreckingBall.asset using Guid(f7f3bef8f499fa242b6ef3fbe5a5b30f) Importer(815301076,1909f56bfc062723c751e8b465ee728b)  -> (artifact id: 'dcf1b3e60b18bd6e73be295fadc70be9') in 0.012613 seconds
  Import took 0.025036 seconds .

========================================================================
Received Prepare
Registering precompiled user dll's ...
Registered in 0.004746 seconds.
Begin MonoManager ReloadAssembly
Native extension for LinuxStandalone target not found
Native extension for WindowsStandalone target not found
Native extension for OSXStandalone target not found
Native extension for WebGL target not found
Refreshing native plugins compatible for Editor in 0.42 ms, found 3 plugins.
Preloading 0 native plugins for Editor in 0.00 ms.
Mono: successfully reloaded assembly
- Completed reload, in  0.885 seconds
Platform modules already initialized, skipping
Refreshing native plugins compatible for Editor in 0.55 ms, found 3 plugins.
Preloading 0 native plugins for Editor in 0.00 ms.
Unloading 2184 Unused Serialized files (Serialized files now loaded: 0)
System memory in use before: 99.8 MB.
System memory in use after: 99.8 MB.

Unloading 21 unused Assets to reduce memory usage. Loaded Objects now: 2697.
Total: 2.781600 ms (FindLiveObjects: 0.217500 ms CreateObjectMapping: 0.094200 ms MarkObjects: 2.236600 ms  DeleteObjects: 0.231600 ms)

========================================================================
Received Import Request.
  Time since last request: 9.551240 seconds.
  path: Assets/Scripts/PickupData/WreckingBall.asset
  artifactKey: Guid(f7f3bef8f499fa242b6ef3fbe5a5b30f) Importer(815301076,1909f56bfc062723c751e8b465ee728b)
Start importing Assets/Scripts/PickupData/WreckingBall.asset using Guid(f7f3bef8f499fa242b6ef3fbe5a5b30f) Importer(815301076,1909f56bfc062723c751e8b465ee728b)  -> (artifact id: 'd5d69d9dec92b2d56e3d57b5e249a4c3') in 0.020286 seconds
  Import took 0.024970 seconds .

========================================================================
Received Import Request.
  Time since last request: 6.302531 seconds.
  path: Assets/Scripts/PickupData/WreckingBall.asset
  artifactKey: Guid(f7f3bef8f499fa242b6ef3fbe5a5b30f) Importer(815301076,1909f56bfc062723c751e8b465ee728b)
Start importing Assets/Scripts/PickupData/WreckingBall.asset using Guid(f7f3bef8f499fa242b6ef3fbe5a5b30f) Importer(815301076,1909f56bfc062723c751e8b465ee728b)  -> (artifact id: '253cd3db788934715db1666b3c1612a4') in 0.004961 seconds
  Import took 0.007978 seconds .

========================================================================
Received Import Request.
  Time since last request: 0.001566 seconds.
  path: Assets/Scripts/PickupData/WreckingBall.asset
  artifactKey: Guid(f7f3bef8f499fa242b6ef3fbe5a5b30f) Importer(815301076,1909f56bfc062723c751e8b465ee728b)
Start importing Assets/Scripts/PickupData/WreckingBall.asset using Guid(f7f3bef8f499fa242b6ef3fbe5a5b30f) Importer(815301076,1909f56bfc062723c751e8b465ee728b)  -> (artifact id: '253cd3db788934715db1666b3c1612a4') in 0.005503 seconds
  Import took 0.008974 seconds .

========================================================================
Received Prepare
Registering precompiled user dll's ...
Registered in 0.004452 seconds.
Begin MonoManager ReloadAssembly
Native extension for LinuxStandalone target not found
Native extension for WindowsStandalone target not found
Native extension for OSXStandalone target not found
Native extension for WebGL target not found
Refreshing native plugins compatible for Editor in 0.47 ms, found 3 plugins.
Preloading 0 native plugins for Editor in 0.00 ms.
Mono: successfully reloaded assembly
- Completed reload, in  1.062 seconds
Platform modules already initialized, skipping
Refreshing native plugins compatible for Editor in 0.47 ms, found 3 plugins.
Preloading 0 native plugins for Editor in 0.00 ms.
Unloading 2184 Unused Serialized files (Serialized files now loaded: 0)
System memory in use before: 99.7 MB.
System memory in use after: 99.7 MB.

Unloading 21 unused Assets to reduce memory usage. Loaded Objects now: 2701.
Total: 2.116700 ms (FindLiveObjects: 0.216000 ms CreateObjectMapping: 0.086400 ms MarkObjects: 1.712800 ms  DeleteObjects: 0.100500 ms)

========================================================================
Received Prepare
Registering precompiled user dll's ...
Registered in 0.006572 seconds.
Begin MonoManager ReloadAssembly
Native extension for LinuxStandalone target not found
Native extension for WindowsStandalone target not found
Native extension for OSXStandalone target not found
Native extension for WebGL target not found
Refreshing native plugins compatible for Editor in 0.54 ms, found 3 plugins.
Preloading 0 native plugins for Editor in 0.00 ms.
Mono: successfully reloaded assembly
- Completed reload, in  1.249 seconds
Platform modules already initialized, skipping
Refreshing native plugins compatible for Editor in 0.45 ms, found 3 plugins.
Preloading 0 native plugins for Editor in 0.00 ms.
Unloading 2184 Unused Serialized files (Serialized files now loaded: 0)
System memory in use before: 99.7 MB.
System memory in use after: 99.7 MB.

Unloading 21 unused Assets to reduce memory usage. Loaded Objects now: 2705.
Total: 2.587000 ms (FindLiveObjects: 0.217100 ms CreateObjectMapping: 0.096300 ms MarkObjects: 2.152900 ms  DeleteObjects: 0.119100 ms)

========================================================================
Received Import Request.
  Time since last request: 231.987969 seconds.
  path: Assets/Prefabs/Charger.prefab
  artifactKey: Guid(349bf3100b4843c469d4522e4da84724) Importer(815301076,1909f56bfc062723c751e8b465ee728b)
Start importing Assets/Prefabs/Charger.prefab using Guid(349bf3100b4843c469d4522e4da84724) Importer(815301076,1909f56bfc062723c751e8b465ee728b)  -> (artifact id: '99ea2022b564bd12d33ed33eb2a87575') in 0.077653 seconds
  Import took 0.081227 seconds .

========================================================================
Received Import Request.
  Time since last request: 0.000375 seconds.
  path: Assets/Prefabs/Enemy.prefab
  artifactKey: Guid(08ef94e046fcabd4ebcbb22985ee2b69) Importer(815301076,1909f56bfc062723c751e8b465ee728b)
Start importing Assets/Prefabs/Enemy.prefab using Guid(08ef94e046fcabd4ebcbb22985ee2b69) Importer(815301076,1909f56bfc062723c751e8b465ee728b)  -> (artifact id: 'a04ed85f5ee8d519eebd24c081eb48c3') in 0.013161 seconds
  Import took 0.016177 seconds .

========================================================================
Received Prepare
Registering precompiled user dll's ...
Registered in 0.004339 seconds.
Begin MonoManager ReloadAssembly
Native extension for LinuxStandalone target not found
Native extension for WindowsStandalone target not found
Native extension for OSXStandalone target not found
Native extension for WebGL target not found
Refreshing native plugins compatible for Editor in 0.42 ms, found 3 plugins.
Preloading 0 native plugins for Editor in 0.00 ms.
Mono: successfully reloaded assembly
- Completed reload, in  0.970 seconds
Platform modules already initialized, skipping
Refreshing native plugins compatible for Editor in 0.88 ms, found 3 plugins.
Preloading 0 native plugins for Editor in 0.00 ms.
Unloading 2184 Unused Serialized files (Serialized files now loaded: 0)
System memory in use before: 102.8 MB.
System memory in use after: 102.8 MB.

Unloading 21 unused Assets to reduce memory usage. Loaded Objects now: 2716.
Total: 2.570200 ms (FindLiveObjects: 0.297200 ms CreateObjectMapping: 0.115200 ms MarkObjects: 2.053700 ms  DeleteObjects: 0.103000 ms)

========================================================================
Received Prepare
Registering precompiled user dll's ...
Registered in 0.006035 seconds.
Begin MonoManager ReloadAssembly
Native extension for LinuxStandalone target not found
Native extension for WindowsStandalone target not found
Native extension for OSXStandalone target not found
Native extension for WebGL target not found
Refreshing native plugins compatible for Editor in 0.50 ms, found 3 plugins.
Preloading 0 native plugins for Editor in 0.00 ms.
Mono: successfully reloaded assembly
- Completed reload, in  1.060 seconds
Platform modules already initialized, skipping
Refreshing native plugins compatible for Editor in 0.45 ms, found 3 plugins.
Preloading 0 native plugins for Editor in 0.00 ms.
Unloading 2184 Unused Serialized files (Serialized files now loaded: 0)
System memory in use before: 102.8 MB.
System memory in use after: 102.8 MB.

Unloading 21 unused Assets to reduce memory usage. Loaded Objects now: 2720.
Total: 2.821200 ms (FindLiveObjects: 0.293100 ms CreateObjectMapping: 0.109300 ms MarkObjects: 2.311600 ms  DeleteObjects: 0.105900 ms)

